Starting live trading at Tue Feb 17 23:26:31 IST 2026
/Users/varadbandekar/Documents/Quant_trading/venv/bin/python3
Python 3.14.2
Traceback (most recent call last):
  File "/Users/varadbandekar/Documents/Quant_trading/src/main.py", line 42, in <module>
    from src.data.data_engine import DataEngine
  File "/Users/varadbandekar/Documents/Quant_trading/src/data/__init__.py", line 19, in <module>
    from .data_engine import DataEngine, BarBuilder
  File "/Users/varadbandekar/Documents/Quant_trading/src/data/data_engine.py", line 16, in <module>
  File "/Users/varadbandekar/Documents/Quant_trading/venv/lib/python3.14/site-packages/pandas/__init__.py", line 46, in <module>
  File "/Users/varadbandekar/Documents/Quant_trading/venv/lib/python3.14/site-packages/pandas/core/api.py", line 27, in <module>
  File "/Users/varadbandekar/Documents/Quant_trading/venv/lib/python3.14/site-packages/pandas/core/arrays/__init__.py", line 1, in <module>
  File "/Users/varadbandekar/Documents/Quant_trading/venv/lib/python3.14/site-packages/pandas/core/arrays/arrow/__init__.py", line 5, in <module>
  File "<frozen importlib._bootstrap>", line 1371, in _find_and_load
  File "<frozen importlib._bootstrap>", line 1342, in _find_and_load_unlocked
  File "<frozen importlib._bootstrap>", line 938, in _load_unlocked
  File "<frozen importlib._bootstrap_external>", line 755, in exec_module
  File "<frozen importlib._bootstrap_external>", line 851, in get_code
  File "<frozen importlib._bootstrap_external>", line 951, in get_data
KeyboardInterrupt
