2026-02-06 23:45:41 | INFO     | __main__ | ============================================================
2026-02-06 23:45:41 | INFO     | __main__ | Initializing Trading System
2026-02-06 23:45:41 | INFO     | __main__ | ============================================================
2026-02-06 23:45:41 | INFO     | __main__ | 1. Connecting to MT5...
📁 MT5 File Bridge Client
   Data Directory: /Users/varadbandekar/Library/Application Support/net.metaquotes.wine.metatrader5/drive_c/users/user/AppData/Roaming/MetaQuotes/Terminal/Common/Files
   Command File: mt5_commands.json
   Status File: mt5_status.json
   Response File: mt5_responses.json
2026-02-06 23:45:41 | INFO     | __main__ | ✓ Connected to MT5
2026-02-06 23:45:41 | INFO     | __main__ | 2. Loading symbols...
2026-02-06 23:45:41 | INFO     | __main__ | ✓ Loaded 1 symbols
2026-02-06 23:45:41 | INFO     | __main__ | 3. Initializing data engine...
2026-02-06 23:45:41 | INFO     | __main__ | ✓ Data engine ready
2026-02-06 23:45:41 | INFO     | __main__ | 4. Initializing risk engine...
2026-02-06 23:45:41 | INFO     | __main__ | ✓ Risk engine ready
2026-02-06 23:45:41 | INFO     | __main__ | 5. Initializing execution engine...
2026-02-06 23:45:41 | INFO     | __main__ | ✓ Execution engine ready
2026-02-06 23:45:41 | INFO     | __main__ | 6. Initializing trade journal...
2026-02-06 23:45:41 | INFO     | __main__ | ✓ Trade journal ready
2026-02-06 23:45:41 | INFO     | __main__ | 7. Initializing portfolio engine...
2026-02-06 23:45:41 | INFO     | __main__ | ✓ Portfolio engine ready
2026-02-06 23:45:41 | INFO     | __main__ | 8. Initializing state manager...
2026-02-06 23:45:41 | INFO     | __main__ | ✓ State manager ready
2026-02-06 23:45:41 | INFO     | __main__ | 7b. Initializing metrics tracker...
2026-02-06 23:45:41 | INFO     | __main__ | ✓ Metrics tracker ready
2026-02-06 23:45:41 | INFO     | __main__ | 7c. Initializing dashboard...
2026-02-06 23:45:41 | INFO     | __main__ | ✓ Dashboard ready
2026-02-06 23:45:41 | INFO     | __main__ | 8. Initializing strategies...
2026-02-06 23:45:41 | INFO     | __main__ | ✓ Strategies ready
2026-02-06 23:45:41 | INFO     | __main__ | 9. Checking for previous state...
2026-02-06 23:45:42 | INFO     | src.state.state_manager | Starting crash recovery
2026-02-06 23:45:42 | INFO     | src.state.state_manager | State loaded successfully | positions=0 | orders=0 | timestamp=2026-02-06T18:15:32.195804+00:00
2026-02-06 23:45:42 | INFO     | src.state.state_manager | State saved successfully | positions=0 | orders=0 | balance=1000.0 | equity=1000.0
2026-02-06 23:45:42 | INFO     | src.state.state_manager | Crash recovery complete | positions_reconciled=0 | orders_reconciled=0
2026-02-06 23:45:42 | INFO     | __main__ | ✓ State restored
2026-02-06 23:45:42 | INFO     | __main__ | ============================================================
2026-02-06 23:45:42 | INFO     | __main__ | ✓ ALL SYSTEMS OPERATIONAL
2026-02-06 23:45:42 | INFO     | __main__ | ============================================================
2026-02-06 23:45:42 | INFO     | __main__ | Starting main trading loop...
2026-02-06 23:45:42 | INFO     | __main__ | Waiting for data: 0/3 1m bars for XAUUSD
2026-02-06 23:46:12 | INFO     | src.state.state_manager | State saved successfully | positions=0 | orders=0 | balance=1000.0 | equity=1000.0
2026-02-06 23:46:41 | INFO     | __main__ | System metrics | iteration=60 | positions=0 | daily_pnl=0.0 | total_pnl=0.0 | kill_switch=False
2026-02-06 23:46:42 | INFO     | __main__ | Waiting for data: 1/3 1m bars for XAUUSD
2026-02-06 23:46:43 | INFO     | src.state.state_manager | State saved successfully | positions=0 | orders=0 | balance=1000.0 | equity=1000.0
2026-02-06 23:47:13 | INFO     | src.state.state_manager | State saved successfully | positions=0 | orders=0 | balance=1000.0 | equity=1000.0
2026-02-06 23:47:36 | INFO     | __main__ | Received signal 15 - initiating shutdown
2026-02-06 23:47:37 | INFO     | __main__ | ============================================================
2026-02-06 23:47:37 | INFO     | __main__ | Shutting down trading system
2026-02-06 23:47:37 | INFO     | __main__ | ============================================================
2026-02-06 23:47:37 | INFO     | __main__ | Saving final state...
2026-02-06 23:47:37 | INFO     | src.state.state_manager | State saved successfully | positions=0 | orders=0 | balance=1000.0 | equity=1000.0
2026-02-06 23:47:37 | INFO     | __main__ | Disconnecting from MT5...
2026-02-06 23:47:37 | INFO     | __main__ | ============================================================
2026-02-06 23:47:37 | INFO     | __main__ | ✓ Shutdown complete
2026-02-06 23:47:37 | INFO     | __main__ | ============================================================
